Added Component: Designator=C4(C 0805_L)
Add component. Clean all parameters for all variants
Add component (AddParameter): Name = "BOM名称"; Value = "无极性贴片电容"; VariantName = "[No Variations]"
Add component (AddParameter): Name = "淘宝ID"; Value = "封装库来自淘宝 ID：黄晶宝石"; VariantName = "[No Variations]"
Add component (AddParameter): Name = "联系售后"; Value = "https://shop463601444.taobao.com"; VariantName = "[No Variations]"
Added Component: Designator=JP11(XH2.54-WI-4P)
Add component. Clean all parameters for all variants
Add component (AddParameter): Name = "BOM名称"; Value = "4P接插件"; VariantName = "[No Variations]"
Add component (AddParameter): Name = "学习资源"; Value = "https://shop463601444.taobao.com"; VariantName = "[No Variations]"
Add component (AddParameter): Name = "版权归属"; Value = "封装库来自淘宝 ID：黄晶宝石"; VariantName = "[No Variations]"
Added Pin To Net: NetName=GND Pin=C4-1
Added Pin To Net: NetName=NetC1_1 Pin=C4-2
Added Pin To Net: NetName=GND Pin=JP11-1
Added Pin To Net: NetName=+3.3 Pin=JP11-4
Added Pin To Net: NetName=SWCLK Pin=JP11-2
Added Pin To Net: NetName=SWCLK Pin=U2-49
Added Net: Name=SWCLK
Added Pin To Net: NetName=SWDIO Pin=JP11-3
Added Pin To Net: NetName=SWDIO Pin=U2-46
Added Net: Name=SWDIO
Added Member To Class: ClassName=Sheet1 Member=Component C4 22nf
Added Member To Class: ClassName=Sheet1 Member=Component JP11 HDR-1X4
Added Room: Name=Sheet1
